DEPRECATION WARNING: config.action_view.debug_rjs will be removed in 3.1, from 3.1 onwards you will need to install prototype-rails to continue to use RJS templates . (called from <top (required)> at /home/richard/Downloads/railstutorial-sample_app-61fc082/config/environment.rb:5)
  [1m[36mSQL (0.3ms)[0m  [1m SELECT name
 FROM sqlite_master
 WHERE type = 'table' AND NOT name = 'sqlite_sequence'
[0m
  [1m[35mSQL (0.1ms)[0m  select sqlite_version(*)
  [1m[36mSQL (129.6ms)[0m  [1mCREATE TABLE "schema_migrations" ("version" varchar(255) NOT NULL) [0m
  [1m[35mSQL (0.1ms)[0m  PRAGMA index_list("schema_migrations")
  [1m[36mSQL (73.5ms)[0m  [1mCREATE UNIQUE INDEX "unique_schema_migrations" ON "schema_migrations" ("version")[0m
  [1m[35mSQL (0.3ms)[0m   SELECT name
 FROM sqlite_master
 WHERE type = 'table' AND NOT name = 'sqlite_sequence'
  [1m[36mSQL (0.3ms)[0m  [1m SELECT name
 FROM sqlite_master
 WHERE type = 'table' AND NOT name = 'sqlite_sequence'
[0m
  [1m[35mSQL (0.2ms)[0m  SELECT "schema_migrations"."version" FROM "schema_migrations"
Migrating to CreateUsers (20100821203213)
  [1m[36mSQL (0.8ms)[0m  [1mCREATE TABLE "users" ("id" INTEGER PRIMARY KEY AUTOINCREMENT NOT NULL, "name" varchar(255), "email" varchar(255), "created_at" datetime, "updated_at" datetime) [0m
  [1m[35mSQL (0.1ms)[0m  INSERT INTO "schema_migrations" ("version") VALUES ('20100821203213')
Migrating to AddEmailUniquenessIndex (20100822012431)
  [1m[36mSQL (0.1ms)[0m  [1mPRAGMA index_list("users")[0m
  [1m[35mSQL (0.2ms)[0m  CREATE UNIQUE INDEX "index_users_on_email" ON "users" ("email")
  [1m[36mSQL (0.1ms)[0m  [1mINSERT INTO "schema_migrations" ("version") VALUES ('20100822012431')[0m
Migrating to AddPasswordToUsers (20100822204528)
  [1m[35mSQL (0.3ms)[0m  ALTER TABLE "users" ADD "encrypted_password" varchar(255)
  [1m[36mSQL (0.1ms)[0m  [1mINSERT INTO "schema_migrations" ("version") VALUES ('20100822204528')[0m
Migrating to AddSaltToUsers (20100822233125)
  [1m[35mSQL (0.8ms)[0m  ALTER TABLE "users" ADD "salt" varchar(255)
  [1m[36mSQL (0.2ms)[0m  [1mINSERT INTO "schema_migrations" ("version") VALUES ('20100822233125')[0m
Migrating to AddAdminToUsers (20100829021049)
  [1m[35mSQL (0.3ms)[0m  ALTER TABLE "users" ADD "admin" boolean DEFAULT 'f'
  [1m[36mSQL (0.1ms)[0m  [1mINSERT INTO "schema_migrations" ("version") VALUES ('20100829021049')[0m
Migrating to CreateMicroposts (20100829210229)
  [1m[35mSQL (0.7ms)[0m  CREATE TABLE "microposts" ("id" INTEGER PRIMARY KEY AUTOINCREMENT NOT NULL, "content" varchar(255), "user_id" integer, "created_at" datetime, "updated_at" datetime) 
  [1m[36mSQL (0.1ms)[0m  [1mPRAGMA index_list("microposts")[0m
  [1m[35mSQL (0.4ms)[0m  CREATE INDEX "index_microposts_on_user_id_and_created_at" ON "microposts" ("user_id", "created_at")
  [1m[36mSQL (0.2ms)[0m  [1mINSERT INTO "schema_migrations" ("version") VALUES ('20100829210229')[0m
Migrating to CreateRelationships (20100831012055)
  [1m[35mSQL (0.7ms)[0m  CREATE TABLE "relationships" ("id" INTEGER PRIMARY KEY AUTOINCREMENT NOT NULL, "follower_id" integer, "followed_id" integer, "created_at" datetime, "updated_at" datetime) 
  [1m[36mSQL (0.2ms)[0m  [1mPRAGMA index_list("relationships")[0m
  [1m[35mSQL (0.4ms)[0m  CREATE INDEX "index_relationships_on_follower_id" ON "relationships" ("follower_id")
  [1m[36mSQL (0.2ms)[0m  [1mPRAGMA index_list("relationships")[0m
  [1m[35mSQL (0.1ms)[0m  PRAGMA index_info('index_relationships_on_follower_id')
  [1m[36mSQL (0.4ms)[0m  [1mCREATE INDEX "index_relationships_on_followed_id" ON "relationships" ("followed_id")[0m
  [1m[35mSQL (0.2ms)[0m  PRAGMA index_list("relationships")
  [1m[36mSQL (0.1ms)[0m  [1mPRAGMA index_info('index_relationships_on_followed_id')[0m
  [1m[35mSQL (0.2ms)[0m  PRAGMA index_info('index_relationships_on_follower_id')
  [1m[36mSQL (0.2ms)[0m  [1mCREATE UNIQUE INDEX "index_relationships_on_follower_id_and_followed_id" ON "relationships" ("follower_id", "followed_id")[0m
  [1m[35mSQL (0.1ms)[0m  INSERT INTO "schema_migrations" ("version") VALUES ('20100831012055')
  [1m[36mSQL (0.3ms)[0m  [1mselect sqlite_version(*)[0m
  [1m[35mSQL (0.1ms)[0m   SELECT name
 FROM sqlite_master
 WHERE type = 'table' AND NOT name = 'sqlite_sequence'
  [1m[36mSQL (0.1ms)[0m  [1mSELECT "schema_migrations"."version" FROM "schema_migrations"[0m
  [1m[35mSQL (0.1ms)[0m   SELECT name
 FROM sqlite_master
 WHERE type = 'table' AND NOT name = 'sqlite_sequence'
  [1m[36mSQL (0.0ms)[0m  [1mPRAGMA index_list("microposts")[0m
  [1m[35mSQL (0.0ms)[0m  PRAGMA index_info('index_microposts_on_user_id_and_created_at')
  [1m[36mSQL (0.1ms)[0m  [1mPRAGMA index_list("relationships")[0m
  [1m[35mSQL (0.0ms)[0m  PRAGMA index_info('index_relationships_on_follower_id_and_followed_id')
  [1m[36mSQL (0.0ms)[0m  [1mPRAGMA index_info('index_relationships_on_followed_id')[0m
  [1m[35mSQL (0.0ms)[0m  PRAGMA index_info('index_relationships_on_follower_id')
  [1m[36mSQL (0.0ms)[0m  [1mPRAGMA index_list("users")[0m
  [1m[35mSQL (0.0ms)[0m  PRAGMA index_info('index_users_on_email')
DEPRECATION WARNING: config.action_view.debug_rjs will be removed in 3.1, from 3.1 onwards you will need to install prototype-rails to continue to use RJS templates . (called from <top (required)> at /home/richard/Downloads/railstutorial-sample_app-61fc082/config/environment.rb:5)
  [1m[36mSQL (0.4ms)[0m  [1m SELECT name
 FROM sqlite_master
 WHERE type = 'table' AND NOT name = 'sqlite_sequence'
[0m
  [1m[35mSQL (0.1ms)[0m   SELECT name
 FROM sqlite_master
 WHERE type = 'table' AND NOT name = 'sqlite_sequence'
  [1m[36mSQL (0.1ms)[0m  [1mSELECT "schema_migrations"."version" FROM "schema_migrations"[0m
  [1m[35mSQL (0.2ms)[0m  select sqlite_version(*)
  [1m[36mSQL (0.1ms)[0m  [1m SELECT name
 FROM sqlite_master
 WHERE type = 'table' AND NOT name = 'sqlite_sequence'
[0m
  [1m[35mSQL (122.4ms)[0m  CREATE TABLE "microposts" ("id" INTEGER PRIMARY KEY AUTOINCREMENT NOT NULL, "content" varchar(255), "user_id" integer, "created_at" datetime, "updated_at" datetime) 
  [1m[36mSQL (0.0ms)[0m  [1mPRAGMA index_list("microposts")[0m
  [1m[35mSQL (66.8ms)[0m  CREATE INDEX "index_microposts_on_user_id_and_created_at" ON "microposts" ("user_id", "created_at")
  [1m[36mSQL (0.3ms)[0m  [1m SELECT name
 FROM sqlite_master
 WHERE type = 'table' AND NOT name = 'sqlite_sequence'
[0m
  [1m[35mSQL (94.1ms)[0m  CREATE TABLE "relationships" ("id" INTEGER PRIMARY KEY AUTOINCREMENT NOT NULL, "follower_id" integer, "followed_id" integer, "created_at" datetime, "updated_at" datetime) 
  [1m[36mSQL (0.0ms)[0m  [1mPRAGMA index_list("relationships")[0m
  [1m[35mSQL (65.9ms)[0m  CREATE INDEX "index_relationships_on_followed_id" ON "relationships" ("followed_id")
  [1m[36mSQL (0.2ms)[0m  [1mPRAGMA index_list("relationships")[0m
  [1m[35mSQL (0.1ms)[0m  PRAGMA index_info('index_relationships_on_followed_id')
  [1m[36mSQL (96.1ms)[0m  [1mCREATE UNIQUE INDEX "index_relationships_on_follower_id_and_followed_id" ON "relationships" ("follower_id", "followed_id")[0m
  [1m[35mSQL (0.1ms)[0m  PRAGMA index_list("relationships")
  [1m[36mSQL (0.0ms)[0m  [1mPRAGMA index_info('index_relationships_on_follower_id_and_followed_id')[0m
  [1m[35mSQL (0.0ms)[0m  PRAGMA index_info('index_relationships_on_followed_id')
  [1m[36mSQL (75.0ms)[0m  [1mCREATE INDEX "index_relationships_on_follower_id" ON "relationships" ("follower_id")[0m
  [1m[35mSQL (0.3ms)[0m   SELECT name
 FROM sqlite_master
 WHERE type = 'table' AND NOT name = 'sqlite_sequence'
  [1m[36mSQL (67.5ms)[0m  [1mCREATE TABLE "users" ("id" INTEGER PRIMARY KEY AUTOINCREMENT NOT NULL, "name" varchar(255), "email" varchar(255), "created_at" datetime, "updated_at" datetime, "encrypted_password" varchar(255), "salt" varchar(255), "admin" boolean DEFAULT 'f') [0m
  [1m[35mSQL (0.1ms)[0m  PRAGMA index_list("users")
  [1m[36mSQL (69.9ms)[0m  [1mCREATE UNIQUE INDEX "index_users_on_email" ON "users" ("email")[0m
  [1m[35mSQL (0.4ms)[0m   SELECT name
 FROM sqlite_master
 WHERE type = 'table' AND NOT name = 'sqlite_sequence'
  [1m[36mSQL (98.0ms)[0m  [1mCREATE TABLE "schema_migrations" ("version" varchar(255) NOT NULL) [0m
  [1m[35mSQL (0.1ms)[0m  PRAGMA index_list("schema_migrations")
  [1m[36mSQL (77.6ms)[0m  [1mCREATE UNIQUE INDEX "unique_schema_migrations" ON "schema_migrations" ("version")[0m
  [1m[35mSQL (0.4ms)[0m   SELECT name
 FROM sqlite_master
 WHERE type = 'table' AND NOT name = 'sqlite_sequence'
  [1m[36mSQL (0.2ms)[0m  [1mSELECT version FROM "schema_migrations"[0m
  [1m[35mSQL (64.6ms)[0m  INSERT INTO "schema_migrations" (version) VALUES ('20100831012055')
  [1m[36mSQL (65.6ms)[0m  [1mINSERT INTO "schema_migrations" (version) VALUES ('20100829210229')[0m
  [1m[35mSQL (66.1ms)[0m  INSERT INTO "schema_migrations" (version) VALUES ('20100822233125')
  [1m[36mSQL (70.9ms)[0m  [1mINSERT INTO "schema_migrations" (version) VALUES ('20100822204528')[0m
  [1m[35mSQL (60.8ms)[0m  INSERT INTO "schema_migrations" (version) VALUES ('20100822012431')
  [1m[36mSQL (70.9ms)[0m  [1mINSERT INTO "schema_migrations" (version) VALUES ('20100821203213')[0m
  [1m[35mSQL (70.9ms)[0m  INSERT INTO "schema_migrations" (version) VALUES ('20100829021049')
DEPRECATION WARNING: config.action_view.debug_rjs will be removed in 3.1, from 3.1 onwards you will need to install prototype-rails to continue to use RJS templates . (called from <top (required)> at /home/richard/Downloads/railstutorial-sample_app-61fc082/config/environment.rb:5)


Started GET "/" for 127.0.0.1 at 2011-11-24 17:24:28 -0600
  Processing by PagesController#home as HTML
  [1m[36mSQL (0.1ms)[0m  [1m SELECT name
 FROM sqlite_master
 WHERE type = 'table' AND NOT name = 'sqlite_sequence'
[0m
  [1m[35mUser Load (0.1ms)[0m  SELECT "users".* FROM "users" WHERE "users"."id" = 2 LIMIT 1
  [1m[36mCACHE (0.0ms)[0m  [1mSELECT "users".* FROM "users" WHERE "users"."id" = 2 LIMIT 1[0m
Rendered layouts/_stylesheets.html.erb (1.1ms)
  [1m[35mCACHE (0.0ms)[0m  SELECT "users".* FROM "users" WHERE "users"."id" = 2 LIMIT 1
  [1m[36mCACHE (0.0ms)[0m  [1mSELECT "users".* FROM "users" WHERE "users"."id" = 2 LIMIT 1[0m
Rendered layouts/_header.html.erb (1.7ms)
Rendered layouts/_footer.html.erb (0.6ms)
Rendered pages/home.html.erb within layouts/application (35.0ms)
Completed 200 OK in 95ms (Views: 37.7ms | ActiveRecord: 0.2ms)


Started GET "/signup" for 127.0.0.1 at 2011-11-24 17:24:32 -0600
  Processing by UsersController#new as HTML
Rendered shared/_error_messages.html.erb (0.4ms)
Rendered users/_fields.html.erb (61.6ms)
Rendered layouts/_stylesheets.html.erb (1.1ms)
  [1m[35mUser Load (0.1ms)[0m  SELECT "users".* FROM "users" WHERE "users"."id" = 2 LIMIT 1
  [1m[36mCACHE (0.0ms)[0m  [1mSELECT "users".* FROM "users" WHERE "users"."id" = 2 LIMIT 1[0m
Rendered layouts/_header.html.erb (4.2ms)
Rendered layouts/_footer.html.erb (0.6ms)
Rendered users/new.html.erb within layouts/application (78.6ms)
Completed 200 OK in 95ms (Views: 81.1ms | ActiveRecord: 0.1ms)


Started POST "/users" for 127.0.0.1 at 2011-11-24 17:24:47 -0600
  Processing by UsersController#create as HTML
  Parameters: {"utf8"=>"✓", "authenticity_token"=>"4T3TTaUucpMqTPThoWmedt0IRCm4hHnr/KzQDt+skvc=", "user"=>{"name"=>"Richard Snow", "email"=>"rssnow1@gmail.com", "password"=>"[FILTERED]", "password_confirmation"=>"[FILTERED]"}, "commit"=>"Sign up"}
  [1m[35mSQL (0.1ms)[0m  SELECT 1 FROM "users" WHERE (LOWER("users"."email") = LOWER('rssnow1@gmail.com')) LIMIT 1
  [1m[36mAREL (0.3ms)[0m  [1mINSERT INTO "users" ("name", "email", "created_at", "updated_at", "encrypted_password", "salt", "admin") VALUES ('Richard Snow', 'rssnow1@gmail.com', '2011-11-24 23:24:47.479763', '2011-11-24 23:24:47.479763', 'a4454be7c7d8e7cf158eead5ffab422a82e163f5af0d2501317ccd9e7ddd5649', '79da2897d8a3772a4e53915573123bbc2a939962e6909096df768644894454d5', 'f')[0m
Redirected to http://localhost:3000/users/1
Completed 302 Found in 195ms


Started GET "/users/1" for 127.0.0.1 at 2011-11-24 17:24:47 -0600
  Processing by UsersController#show as HTML
  Parameters: {"id"=>"1"}
  [1m[35mUser Load (0.1ms)[0m  SELECT "users".* FROM "users" WHERE "users"."id" = 1 LIMIT 1
  [1m[36mMicropost Load (0.2ms)[0m  [1mSELECT "microposts".* FROM "microposts" WHERE ("microposts".user_id = 1) ORDER BY microposts.created_at DESC LIMIT 30 OFFSET 0[0m
  [1m[35mCACHE (0.0ms)[0m  SELECT "users".* FROM "users" WHERE "users"."id" = 1 LIMIT 1
Rendered users/_follow_form.html.erb (0.4ms)
  [1m[36mSQL (0.1ms)[0m  [1mSELECT COUNT(*) FROM "microposts" WHERE ("microposts".user_id = 1)[0m
  [1m[35mCACHE (0.0ms)[0m  SELECT COUNT(*) FROM "microposts" WHERE ("microposts".user_id = 1)
  [1m[36mSQL (0.1ms)[0m  [1mSELECT COUNT(*) FROM "users" INNER JOIN "relationships" ON "users".id = "relationships".followed_id WHERE (("relationships".follower_id = 1))[0m
  [1m[35mSQL (0.1ms)[0m  SELECT COUNT(*) FROM "users" INNER JOIN "relationships" ON "users".id = "relationships".follower_id WHERE (("relationships".followed_id = 1))
Rendered shared/_stats.html.erb (7.5ms)
Rendered layouts/_stylesheets.html.erb (1.1ms)
Rendered layouts/_header.html.erb (1.8ms)
Rendered layouts/_footer.html.erb (0.6ms)
Rendered users/show.html.erb within layouts/application (21.8ms)
Completed 200 OK in 84ms (Views: 24.2ms | ActiveRecord: 0.7ms)


Started GET "/" for 127.0.0.1 at 2011-11-24 17:25:02 -0600
  Processing by PagesController#home as HTML
  [1m[36mUser Load (0.2ms)[0m  [1mSELECT "users".* FROM "users" WHERE "users"."id" = 1 LIMIT 1[0m
  [1m[35mMicropost Load (0.2ms)[0m  SELECT "microposts".* FROM "microposts" WHERE (user_id IN (SELECT followed_id FROM relationships
 WHERE follower_id = 1) OR user_id = 1) ORDER BY microposts.created_at DESC LIMIT 30 OFFSET 0
Rendered shared/_error_messages.html.erb (0.5ms)
Rendered shared/_micropost_form.html.erb (4.9ms)
Rendered shared/_feed.html.erb (0.3ms)
  [1m[36mSQL (0.1ms)[0m  [1mSELECT COUNT(*) FROM "microposts" WHERE ("microposts".user_id = 1)[0m
Rendered shared/_user_info.html.erb (2.7ms)
  [1m[35mSQL (0.1ms)[0m  SELECT COUNT(*) FROM "users" INNER JOIN "relationships" ON "users".id = "relationships".followed_id WHERE (("relationships".follower_id = 1))
  [1m[36mSQL (0.1ms)[0m  [1mSELECT COUNT(*) FROM "users" INNER JOIN "relationships" ON "users".id = "relationships".follower_id WHERE (("relationships".followed_id = 1))[0m
Rendered shared/_stats.html.erb (7.5ms)
Rendered layouts/_stylesheets.html.erb (1.2ms)
Rendered layouts/_header.html.erb (2.3ms)
Rendered layouts/_footer.html.erb (0.7ms)
Rendered pages/home.html.erb within layouts/application (26.4ms)
Completed 200 OK in 82ms (Views: 28.7ms | ActiveRecord: 0.7ms)


Started POST "/microposts" for 127.0.0.1 at 2011-11-24 17:25:13 -0600
  Processing by MicropostsController#create as HTML
  Parameters: {"utf8"=>"✓", "authenticity_token"=>"4T3TTaUucpMqTPThoWmedt0IRCm4hHnr/KzQDt+skvc=", "micropost"=>{"content"=>"this is a first post\r\n"}, "commit"=>"Submit"}
  [1m[35mUser Load (0.2ms)[0m  SELECT "users".* FROM "users" WHERE "users"."id" = 1 LIMIT 1
  [1m[36mAREL (0.3ms)[0m  [1mINSERT INTO "microposts" ("content", "user_id", "created_at", "updated_at") VALUES ('this is a first post
', 1, '2011-11-24 23:25:13.434931', '2011-11-24 23:25:13.434931')[0m
Redirected to http://localhost:3000/
Completed 302 Found in 120ms


Started GET "/" for 127.0.0.1 at 2011-11-24 17:25:13 -0600
  Processing by PagesController#home as HTML
  [1m[35mUser Load (0.1ms)[0m  SELECT "users".* FROM "users" WHERE "users"."id" = 1 LIMIT 1
  [1m[36mMicropost Load (0.2ms)[0m  [1mSELECT "microposts".* FROM "microposts" WHERE (user_id IN (SELECT followed_id FROM relationships
 WHERE follower_id = 1) OR user_id = 1) ORDER BY microposts.created_at DESC LIMIT 30 OFFSET 0[0m
Rendered shared/_error_messages.html.erb (0.4ms)
Rendered shared/_micropost_form.html.erb (4.6ms)
  [1m[35mCACHE (0.0ms)[0m  SELECT "users".* FROM "users" WHERE "users"."id" = 1 LIMIT 1
Rendered shared/_feed_item.html.erb (58.9ms)
Rendered shared/_feed.html.erb (59.9ms)
  [1m[36mSQL (0.2ms)[0m  [1mSELECT COUNT(*) FROM "microposts" WHERE ("microposts".user_id = 1)[0m
Rendered shared/_user_info.html.erb (2.0ms)
  [1m[35mSQL (0.1ms)[0m  SELECT COUNT(*) FROM "users" INNER JOIN "relationships" ON "users".id = "relationships".followed_id WHERE (("relationships".follower_id = 1))
  [1m[36mSQL (0.1ms)[0m  [1mSELECT COUNT(*) FROM "users" INNER JOIN "relationships" ON "users".id = "relationships".follower_id WHERE (("relationships".followed_id = 1))[0m
Rendered shared/_stats.html.erb (7.2ms)
Rendered layouts/_stylesheets.html.erb (1.1ms)
Rendered layouts/_header.html.erb (1.7ms)
Rendered layouts/_footer.html.erb (0.6ms)
Rendered pages/home.html.erb within layouts/application (83.5ms)
Completed 200 OK in 144ms (Views: 85.7ms | ActiveRecord: 0.7ms)


Started GET "/signout" for 127.0.0.1 at 2011-11-24 17:25:26 -0600
  Processing by SessionsController#destroy as HTML
Redirected to http://localhost:3000/
Completed 302 Found in 1ms


Started GET "/" for 127.0.0.1 at 2011-11-24 17:25:26 -0600
  Processing by PagesController#home as HTML
  [1m[35mUser Load (0.1ms)[0m  SELECT "users".* FROM "users" WHERE "users"."id" IS NULL LIMIT 1
  [1m[36mCACHE (0.0ms)[0m  [1mSELECT "users".* FROM "users" WHERE "users"."id" IS NULL LIMIT 1[0m
Rendered layouts/_stylesheets.html.erb (1.1ms)
  [1m[35mCACHE (0.0ms)[0m  SELECT "users".* FROM "users" WHERE "users"."id" IS NULL LIMIT 1
  [1m[36mCACHE (0.0ms)[0m  [1mSELECT "users".* FROM "users" WHERE "users"."id" IS NULL LIMIT 1[0m
Rendered layouts/_header.html.erb (1.7ms)
Rendered layouts/_footer.html.erb (0.6ms)
Rendered pages/home.html.erb within layouts/application (8.4ms)
Completed 200 OK in 62ms (Views: 11.0ms | ActiveRecord: 0.1ms)
DEPRECATION WARNING: config.action_view.debug_rjs will be removed in 3.1, from 3.1 onwards you will need to install prototype-rails to continue to use RJS templates . (called from <top (required)> at /home/richard/Downloads/railstutorial-sample_app-61fc082/config/environment.rb:5)


Started GET "/" for 127.0.0.1 at 2011-11-24 17:43:16 -0600
  Processing by PagesController#home as HTML
  [1m[36mSQL (0.1ms)[0m  [1m SELECT name
 FROM sqlite_master
 WHERE type = 'table' AND NOT name = 'sqlite_sequence'
[0m
  [1m[35mUser Load (0.1ms)[0m  SELECT "users".* FROM "users" WHERE "users"."id" IS NULL LIMIT 1
  [1m[36mCACHE (0.0ms)[0m  [1mSELECT "users".* FROM "users" WHERE "users"."id" IS NULL LIMIT 1[0m
Rendered layouts/_stylesheets.html.erb (1.1ms)
  [1m[35mCACHE (0.0ms)[0m  SELECT "users".* FROM "users" WHERE "users"."id" IS NULL LIMIT 1
  [1m[36mCACHE (0.0ms)[0m  [1mSELECT "users".* FROM "users" WHERE "users"."id" IS NULL LIMIT 1[0m
Rendered layouts/_header.html.erb (1.7ms)
Rendered layouts/_footer.html.erb (0.6ms)
Rendered pages/home.html.erb within layouts/application (10.5ms)
Completed 200 OK in 66ms (Views: 13.0ms | ActiveRecord: 0.2ms)


Started GET "/signup" for 127.0.0.1 at 2011-11-24 17:43:18 -0600
  Processing by UsersController#new as HTML
Rendered shared/_error_messages.html.erb (0.5ms)
Rendered users/_fields.html.erb (46.4ms)
Rendered layouts/_stylesheets.html.erb (1.0ms)
  [1m[35mUser Load (0.1ms)[0m  SELECT "users".* FROM "users" WHERE "users"."id" IS NULL LIMIT 1
  [1m[36mCACHE (0.0ms)[0m  [1mSELECT "users".* FROM "users" WHERE "users"."id" IS NULL LIMIT 1[0m
Rendered layouts/_header.html.erb (4.1ms)
Rendered layouts/_footer.html.erb (0.6ms)
Rendered users/new.html.erb within layouts/application (64.1ms)
Completed 200 OK in 93ms (Views: 66.7ms | ActiveRecord: 0.1ms)


Started POST "/users" for 127.0.0.1 at 2011-11-24 17:43:30 -0600
  Processing by UsersController#create as HTML
  Parameters: {"utf8"=>"✓", "authenticity_token"=>"sAvUI4/N8D8b4jey1vYj3W81+THQUG5R2hFKN5+Rvvw=", "user"=>{"name"=>"Richard Snow", "email"=>"rssnow1@gmail.com", "password"=>"[FILTERED]", "password_confirmation"=>"[FILTERED]"}, "commit"=>"Sign up"}
  [1m[35mSQL (0.1ms)[0m  SELECT 1 FROM "users" WHERE (LOWER("users"."email") = LOWER('rssnow1@gmail.com')) LIMIT 1
Rendered shared/_error_messages.html.erb (1.5ms)
Rendered users/_fields.html.erb (2.3ms)
Rendered layouts/_stylesheets.html.erb (1.2ms)
  [1m[36mUser Load (0.2ms)[0m  [1mSELECT "users".* FROM "users" WHERE "users"."id" IS NULL LIMIT 1[0m
  [1m[35mCACHE (0.0ms)[0m  SELECT "users".* FROM "users" WHERE "users"."id" IS NULL LIMIT 1
Rendered layouts/_header.html.erb (29.4ms)
Rendered layouts/_footer.html.erb (0.7ms)
Rendered users/new.html.erb within layouts/application (42.1ms)
Completed 200 OK in 108ms (Views: 45.0ms | ActiveRecord: 0.3ms)


Started POST "/users" for 127.0.0.1 at 2011-11-24 17:43:38 -0600
  Processing by UsersController#create as HTML
  Parameters: {"utf8"=>"✓", "authenticity_token"=>"sAvUI4/N8D8b4jey1vYj3W81+THQUG5R2hFKN5+Rvvw=", "user"=>{"name"=>"Richard Snow", "email"=>"rssnow3@gmail.com", "password"=>"[FILTERED]", "password_confirmation"=>"[FILTERED]"}, "commit"=>"Sign up"}
  [1m[36mSQL (0.1ms)[0m  [1mSELECT 1 FROM "users" WHERE (LOWER("users"."email") = LOWER('rssnow3@gmail.com')) LIMIT 1[0m
  [1m[35mAREL (0.3ms)[0m  INSERT INTO "users" ("name", "email", "created_at", "updated_at", "encrypted_password", "salt", "admin") VALUES ('Richard Snow', 'rssnow3@gmail.com', '2011-11-24 23:43:38.582071', '2011-11-24 23:43:38.582071', 'b04a9c667185606e2735da7f54fd2c40458e75d09a05a94e0f57cd353be96361', '4771c414570f78a25493bd7201d05f7a9a762373911e5f4bb2542b4f1ecdc57f', 'f')
Redirected to http://localhost:3000/users/2
Completed 302 Found in 158ms


Started GET "/users/2" for 127.0.0.1 at 2011-11-24 17:43:38 -0600
  Processing by UsersController#show as HTML
  Parameters: {"id"=>"2"}
  [1m[36mUser Load (0.1ms)[0m  [1mSELECT "users".* FROM "users" WHERE "users"."id" = 2 LIMIT 1[0m
  [1m[35mMicropost Load (0.2ms)[0m  SELECT "microposts".* FROM "microposts" WHERE ("microposts".user_id = 2) ORDER BY microposts.created_at DESC LIMIT 30 OFFSET 0
  [1m[36mCACHE (0.0ms)[0m  [1mSELECT "users".* FROM "users" WHERE "users"."id" = 2 LIMIT 1[0m
Rendered users/_follow_form.html.erb (0.4ms)
  [1m[35mSQL (0.1ms)[0m  SELECT COUNT(*) FROM "microposts" WHERE ("microposts".user_id = 2)
  [1m[36mCACHE (0.0ms)[0m  [1mSELECT COUNT(*) FROM "microposts" WHERE ("microposts".user_id = 2)[0m
  [1m[35mSQL (0.1ms)[0m  SELECT COUNT(*) FROM "users" INNER JOIN "relationships" ON "users".id = "relationships".followed_id WHERE (("relationships".follower_id = 2))
  [1m[36mSQL (0.1ms)[0m  [1mSELECT COUNT(*) FROM "users" INNER JOIN "relationships" ON "users".id = "relationships".follower_id WHERE (("relationships".followed_id = 2))[0m
Rendered shared/_stats.html.erb (7.3ms)
Rendered layouts/_stylesheets.html.erb (1.1ms)
Rendered layouts/_header.html.erb (1.8ms)
Rendered layouts/_footer.html.erb (0.7ms)
Rendered users/show.html.erb within layouts/application (20.5ms)
Completed 200 OK in 80ms (Views: 22.7ms | ActiveRecord: 0.6ms)


Started GET "/" for 127.0.0.1 at 2011-11-24 17:43:58 -0600
  Processing by PagesController#home as HTML
  [1m[35mUser Load (0.1ms)[0m  SELECT "users".* FROM "users" WHERE "users"."id" = 2 LIMIT 1
  [1m[36mMicropost Load (0.2ms)[0m  [1mSELECT "microposts".* FROM "microposts" WHERE (user_id IN (SELECT followed_id FROM relationships
 WHERE follower_id = 2) OR user_id = 2) ORDER BY microposts.created_at DESC LIMIT 30 OFFSET 0[0m
Rendered shared/_error_messages.html.erb (0.4ms)
Rendered shared/_micropost_form.html.erb (4.8ms)
Rendered shared/_feed.html.erb (0.3ms)
  [1m[35mSQL (0.1ms)[0m  SELECT COUNT(*) FROM "microposts" WHERE ("microposts".user_id = 2)
Rendered shared/_user_info.html.erb (2.5ms)
  [1m[36mSQL (0.1ms)[0m  [1mSELECT COUNT(*) FROM "users" INNER JOIN "relationships" ON "users".id = "relationships".followed_id WHERE (("relationships".follower_id = 2))[0m
  [1m[35mSQL (0.1ms)[0m  SELECT COUNT(*) FROM "users" INNER JOIN "relationships" ON "users".id = "relationships".follower_id WHERE (("relationships".followed_id = 2))
Rendered shared/_stats.html.erb (7.3ms)
Rendered layouts/_stylesheets.html.erb (1.0ms)
Rendered layouts/_header.html.erb (2.2ms)
Rendered layouts/_footer.html.erb (0.6ms)
Rendered pages/home.html.erb within layouts/application (25.3ms)
Completed 200 OK in 83ms (Views: 27.5ms | ActiveRecord: 0.7ms)


Started POST "/microposts" for 127.0.0.1 at 2011-11-24 17:44:04 -0600
  Processing by MicropostsController#create as HTML
  Parameters: {"utf8"=>"✓", "authenticity_token"=>"sAvUI4/N8D8b4jey1vYj3W81+THQUG5R2hFKN5+Rvvw=", "micropost"=>{"content"=>"test post\r\n"}, "commit"=>"Submit"}
  [1m[36mUser Load (0.1ms)[0m  [1mSELECT "users".* FROM "users" WHERE "users"."id" = 2 LIMIT 1[0m
  [1m[35mAREL (0.2ms)[0m  INSERT INTO "microposts" ("content", "user_id", "created_at", "updated_at") VALUES ('test post
', 2, '2011-11-24 23:44:04.441368', '2011-11-24 23:44:04.441368')
Redirected to http://localhost:3000/
Completed 302 Found in 130ms


Started GET "/" for 127.0.0.1 at 2011-11-24 17:44:04 -0600
  Processing by PagesController#home as HTML
  [1m[36mUser Load (0.1ms)[0m  [1mSELECT "users".* FROM "users" WHERE "users"."id" = 2 LIMIT 1[0m
  [1m[35mMicropost Load (0.2ms)[0m  SELECT "microposts".* FROM "microposts" WHERE (user_id IN (SELECT followed_id FROM relationships
 WHERE follower_id = 2) OR user_id = 2) ORDER BY microposts.created_at DESC LIMIT 30 OFFSET 0
Rendered shared/_error_messages.html.erb (0.5ms)
Rendered shared/_micropost_form.html.erb (4.7ms)
  [1m[36mCACHE (0.0ms)[0m  [1mSELECT "users".* FROM "users" WHERE "users"."id" = 2 LIMIT 1[0m
Rendered shared/_feed_item.html.erb (45.8ms)
Rendered shared/_feed.html.erb (46.8ms)
  [1m[35mSQL (0.2ms)[0m  SELECT COUNT(*) FROM "microposts" WHERE ("microposts".user_id = 2)
Rendered shared/_user_info.html.erb (2.0ms)
  [1m[36mSQL (0.1ms)[0m  [1mSELECT COUNT(*) FROM "users" INNER JOIN "relationships" ON "users".id = "relationships".followed_id WHERE (("relationships".follower_id = 2))[0m
  [1m[35mSQL (0.1ms)[0m  SELECT COUNT(*) FROM "users" INNER JOIN "relationships" ON "users".id = "relationships".follower_id WHERE (("relationships".followed_id = 2))
Rendered shared/_stats.html.erb (7.3ms)
Rendered layouts/_stylesheets.html.erb (1.1ms)
Rendered layouts/_header.html.erb (1.7ms)
Rendered layouts/_footer.html.erb (0.6ms)
Rendered pages/home.html.erb within layouts/application (70.5ms)
Completed 200 OK in 98ms (Views: 72.7ms | ActiveRecord: 1.1ms)
DEPRECATION WARNING: config.action_view.debug_rjs will be removed in 3.1, from 3.1 onwards you will need to install prototype-rails to continue to use RJS templates . (called from <top (required)> at /home/richard/Downloads/railstutorial-sample_app-61fc082/config/environment.rb:5)


Started GET "/" for 127.0.0.1 at 2011-11-24 17:46:08 -0600
  Processing by PagesController#home as HTML
  [1m[36mSQL (0.1ms)[0m  [1m SELECT name
 FROM sqlite_master
 WHERE type = 'table' AND NOT name = 'sqlite_sequence'
[0m
  [1m[35mUser Load (0.1ms)[0m  SELECT "users".* FROM "users" WHERE "users"."id" = 2 LIMIT 1
  [1m[36mMicropost Load (0.2ms)[0m  [1mSELECT "microposts".* FROM "microposts" WHERE (user_id IN (SELECT followed_id FROM relationships
 WHERE follower_id = 2) OR user_id = 2) ORDER BY microposts.created_at DESC LIMIT 30 OFFSET 0[0m
Rendered shared/_error_messages.html.erb (0.5ms)
Rendered shared/_micropost_form.html.erb (4.9ms)
  [1m[35mCACHE (0.0ms)[0m  SELECT "users".* FROM "users" WHERE "users"."id" = 2 LIMIT 1
Rendered shared/_feed_item.html.erb (63.3ms)
Rendered shared/_feed.html.erb (64.2ms)
  [1m[36mSQL (0.2ms)[0m  [1mSELECT COUNT(*) FROM "microposts" WHERE ("microposts".user_id = 2)[0m
Rendered shared/_user_info.html.erb (2.2ms)
  [1m[35mSQL (0.2ms)[0m  SELECT COUNT(*) FROM "users" INNER JOIN "relationships" ON "users".id = "relationships".followed_id WHERE (("relationships".follower_id = 2))
  [1m[36mSQL (0.1ms)[0m  [1mSELECT COUNT(*) FROM "users" INNER JOIN "relationships" ON "users".id = "relationships".follower_id WHERE (("relationships".followed_id = 2))[0m
Rendered shared/_stats.html.erb (35.2ms)
Rendered layouts/_stylesheets.html.erb (1.0ms)
Rendered layouts/_header.html.erb (1.7ms)
Rendered layouts/_footer.html.erb (0.6ms)
Rendered pages/home.html.erb within layouts/application (118.3ms)
Completed 200 OK in 223ms (Views: 120.5ms | ActiveRecord: 1.0ms)


Started POST "/microposts" for 127.0.0.1 at 2011-11-24 17:46:16 -0600
  Processing by MicropostsController#create as HTML
  Parameters: {"utf8"=>"✓", "authenticity_token"=>"sAvUI4/N8D8b4jey1vYj3W81+THQUG5R2hFKN5+Rvvw=", "micropost"=>{"content"=>"another post"}, "commit"=>"Submit"}
  [1m[35mUser Load (0.1ms)[0m  SELECT "users".* FROM "users" WHERE "users"."id" = 2 LIMIT 1
  [1m[36mAREL (0.3ms)[0m  [1mINSERT INTO "microposts" ("content", "user_id", "created_at", "updated_at") VALUES ('another post', 2, '2011-11-24 23:46:16.421591', '2011-11-24 23:46:16.421591')[0m
Redirected to http://localhost:3000/
Completed 302 Found in 185ms


Started GET "/" for 127.0.0.1 at 2011-11-24 17:46:16 -0600
  Processing by PagesController#home as HTML
  [1m[35mUser Load (0.2ms)[0m  SELECT "users".* FROM "users" WHERE "users"."id" = 2 LIMIT 1
  [1m[36mMicropost Load (0.2ms)[0m  [1mSELECT "microposts".* FROM "microposts" WHERE (user_id IN (SELECT followed_id FROM relationships
 WHERE follower_id = 2) OR user_id = 2) ORDER BY microposts.created_at DESC LIMIT 30 OFFSET 0[0m
Rendered shared/_error_messages.html.erb (0.4ms)
Rendered shared/_micropost_form.html.erb (4.9ms)
  [1m[35mCACHE (0.0ms)[0m  SELECT "users".* FROM "users" WHERE "users"."id" = 2 LIMIT 1
  [1m[36mCACHE (0.0ms)[0m  [1mSELECT "users".* FROM "users" WHERE "users"."id" = 2 LIMIT 1[0m
Rendered shared/_feed_item.html.erb (4.3ms)
Rendered shared/_feed.html.erb (5.2ms)
  [1m[35mSQL (0.1ms)[0m  SELECT COUNT(*) FROM "microposts" WHERE ("microposts".user_id = 2)
Rendered shared/_user_info.html.erb (2.4ms)
  [1m[36mSQL (0.2ms)[0m  [1mSELECT COUNT(*) FROM "users" INNER JOIN "relationships" ON "users".id = "relationships".followed_id WHERE (("relationships".follower_id = 2))[0m
  [1m[35mSQL (0.1ms)[0m  SELECT COUNT(*) FROM "users" INNER JOIN "relationships" ON "users".id = "relationships".follower_id WHERE (("relationships".followed_id = 2))
Rendered shared/_stats.html.erb (37.2ms)
Rendered layouts/_stylesheets.html.erb (1.2ms)
Rendered layouts/_header.html.erb (1.7ms)
Rendered layouts/_footer.html.erb (0.6ms)
Rendered pages/home.html.erb within layouts/application (59.7ms)
Completed 200 OK in 88ms (Views: 61.8ms | ActiveRecord: 1.2ms)


Started GET "/signout" for 127.0.0.1 at 2011-11-24 17:46:38 -0600
  Processing by SessionsController#destroy as HTML
Redirected to http://localhost:3000/
Completed 302 Found in 1ms


Started GET "/" for 127.0.0.1 at 2011-11-24 17:46:38 -0600
  Processing by PagesController#home as HTML
  [1m[36mUser Load (0.1ms)[0m  [1mSELECT "users".* FROM "users" WHERE "users"."id" IS NULL LIMIT 1[0m
  [1m[35mCACHE (0.0ms)[0m  SELECT "users".* FROM "users" WHERE "users"."id" IS NULL LIMIT 1
Rendered layouts/_stylesheets.html.erb (1.1ms)
  [1m[36mCACHE (0.0ms)[0m  [1mSELECT "users".* FROM "users" WHERE "users"."id" IS NULL LIMIT 1[0m
  [1m[35mCACHE (0.0ms)[0m  SELECT "users".* FROM "users" WHERE "users"."id" IS NULL LIMIT 1
Rendered layouts/_header.html.erb (1.7ms)
Rendered layouts/_footer.html.erb (0.6ms)
Rendered pages/home.html.erb within layouts/application (8.1ms)
Completed 200 OK in 58ms (Views: 10.6ms | ActiveRecord: 0.1ms)


Started GET "/signin" for 127.0.0.1 at 2011-11-24 17:46:42 -0600
  Processing by SessionsController#new as HTML
Rendered layouts/_stylesheets.html.erb (1.2ms)
  [1m[36mUser Load (0.1ms)[0m  [1mSELECT "users".* FROM "users" WHERE "users"."id" IS NULL LIMIT 1[0m
  [1m[35mCACHE (0.0ms)[0m  SELECT "users".* FROM "users" WHERE "users"."id" IS NULL LIMIT 1
Rendered layouts/_header.html.erb (53.9ms)
Rendered layouts/_footer.html.erb (0.8ms)
Rendered sessions/new.html.erb within layouts/application (61.5ms)
Completed 200 OK in 64ms (Views: 63.9ms | ActiveRecord: 0.1ms)


Started POST "/sessions" for 127.0.0.1 at 2011-11-24 17:46:53 -0600
  Processing by SessionsController#create as HTML
  Parameters: {"utf8"=>"✓", "authenticity_token"=>"sAvUI4/N8D8b4jey1vYj3W81+THQUG5R2hFKN5+Rvvw=", "session"=>{"email"=>"rssnow1@gmail.com", "password"=>"[FILTERED]"}, "commit"=>"Sign in"}
  [1m[36mUser Load (0.2ms)[0m  [1mSELECT "users".* FROM "users" WHERE "users"."email" = 'rssnow1@gmail.com' LIMIT 1[0m
Redirected to http://localhost:3000/users/1
Completed 302 Found in 54ms


Started GET "/users/1" for 127.0.0.1 at 2011-11-24 17:46:54 -0600
  Processing by UsersController#show as HTML
  Parameters: {"id"=>"1"}
  [1m[35mUser Load (0.2ms)[0m  SELECT "users".* FROM "users" WHERE "users"."id" = 1 LIMIT 1
  [1m[36mMicropost Load (0.2ms)[0m  [1mSELECT "microposts".* FROM "microposts" WHERE ("microposts".user_id = 1) ORDER BY microposts.created_at DESC LIMIT 30 OFFSET 0[0m
  [1m[35mCACHE (0.0ms)[0m  SELECT "users".* FROM "users" WHERE "users"."id" = 1 LIMIT 1
Rendered users/_follow_form.html.erb (0.4ms)
  [1m[36mSQL (0.2ms)[0m  [1mSELECT COUNT(*) FROM "microposts" WHERE ("microposts".user_id = 1)[0m
  [1m[35mCACHE (0.0ms)[0m  SELECT "users".* FROM "users" WHERE "users"."id" = 1 LIMIT 1
Rendered microposts/_micropost.html.erb (2.3ms)
  [1m[36mCACHE (0.0ms)[0m  [1mSELECT COUNT(*) FROM "microposts" WHERE ("microposts".user_id = 1)[0m
  [1m[35mSQL (0.1ms)[0m  SELECT COUNT(*) FROM "users" INNER JOIN "relationships" ON "users".id = "relationships".followed_id WHERE (("relationships".follower_id = 1))
  [1m[36mSQL (0.1ms)[0m  [1mSELECT COUNT(*) FROM "users" INNER JOIN "relationships" ON "users".id = "relationships".follower_id WHERE (("relationships".followed_id = 1))[0m
Rendered shared/_stats.html.erb (7.1ms)
Rendered layouts/_stylesheets.html.erb (1.0ms)
Rendered layouts/_header.html.erb (1.7ms)
Rendered layouts/_footer.html.erb (0.6ms)
Rendered users/show.html.erb within layouts/application (56.8ms)
Completed 200 OK in 87ms (Views: 58.9ms | ActiveRecord: 0.7ms)


Started GET "/users" for 127.0.0.1 at 2011-11-24 17:47:03 -0600
  Processing by UsersController#index as HTML
  [1m[35mUser Load (0.2ms)[0m  SELECT "users".* FROM "users" WHERE "users"."id" = 1 LIMIT 1
  [1m[36mUser Load (0.1ms)[0m  [1mSELECT "users".* FROM "users" LIMIT 30 OFFSET 0[0m
Rendered users/_user.html.erb (1.3ms)
Rendered layouts/_stylesheets.html.erb (1.1ms)
Rendered layouts/_header.html.erb (1.8ms)
Rendered layouts/_footer.html.erb (0.6ms)
Rendered users/index.html.erb within layouts/application (9.7ms)
Completed 200 OK in 62ms (Views: 12.2ms | ActiveRecord: 0.5ms)


Started GET "/users/2" for 127.0.0.1 at 2011-11-24 17:47:08 -0600
  Processing by UsersController#show as HTML
  Parameters: {"id"=>"2"}
  [1m[35mUser Load (0.1ms)[0m  SELECT "users".* FROM "users" WHERE "users"."id" = 2 LIMIT 1
  [1m[36mMicropost Load (0.2ms)[0m  [1mSELECT "microposts".* FROM "microposts" WHERE ("microposts".user_id = 2) ORDER BY microposts.created_at DESC LIMIT 30 OFFSET 0[0m
  [1m[35mUser Load (0.1ms)[0m  SELECT "users".* FROM "users" WHERE "users"."id" = 1 LIMIT 1
  [1m[36mRelationship Load (0.1ms)[0m  [1mSELECT "relationships".* FROM "relationships" WHERE "relationships"."followed_id" = 2 AND ("relationships".follower_id = 1) LIMIT 1[0m
Rendered users/_follow.html.erb (4.3ms)
Rendered users/_follow_form.html.erb (13.2ms)
  [1m[35mSQL (0.1ms)[0m  SELECT COUNT(*) FROM "microposts" WHERE ("microposts".user_id = 2)
  [1m[36mCACHE (0.0ms)[0m  [1mSELECT "users".* FROM "users" WHERE "users"."id" = 2 LIMIT 1[0m
  [1m[35mCACHE (0.0ms)[0m  SELECT "users".* FROM "users" WHERE "users"."id" = 2 LIMIT 1
Rendered microposts/_micropost.html.erb (5.0ms)
  [1m[36mCACHE (0.0ms)[0m  [1mSELECT COUNT(*) FROM "microposts" WHERE ("microposts".user_id = 2)[0m
  [1m[35mSQL (0.1ms)[0m  SELECT COUNT(*) FROM "users" INNER JOIN "relationships" ON "users".id = "relationships".followed_id WHERE (("relationships".follower_id = 2))
  [1m[36mSQL (0.1ms)[0m  [1mSELECT COUNT(*) FROM "users" INNER JOIN "relationships" ON "users".id = "relationships".follower_id WHERE (("relationships".followed_id = 2))[0m
Rendered shared/_stats.html.erb (3.4ms)
Rendered layouts/_stylesheets.html.erb (1.3ms)
Rendered layouts/_header.html.erb (1.9ms)
Rendered layouts/_footer.html.erb (0.6ms)
Rendered users/show.html.erb within layouts/application (36.3ms)
Completed 200 OK in 94ms (Views: 38.5ms | ActiveRecord: 0.9ms)


Started POST "/relationships" for 127.0.0.1 at 2011-11-24 17:47:10 -0600
  Processing by RelationshipsController#create as JS
  Parameters: {"utf8"=>"✓", "authenticity_token"=>"sAvUI4/N8D8b4jey1vYj3W81+THQUG5R2hFKN5+Rvvw=", "relationship"=>{"followed_id"=>"2"}, "commit"=>"Follow"}
  [1m[35mUser Load (0.1ms)[0m  SELECT "users".* FROM "users" WHERE "users"."id" = 1 LIMIT 1
  [1m[36mUser Load (0.2ms)[0m  [1mSELECT "users".* FROM "users" WHERE "users"."id" = 2 LIMIT 1[0m
  [1m[35mAREL (0.2ms)[0m  INSERT INTO "relationships" ("follower_id", "followed_id", "created_at", "updated_at") VALUES (1, 2, '2011-11-24 23:47:10.806284', '2011-11-24 23:47:10.806284')
  [1m[36mRelationship Load (0.2ms)[0m  [1mSELECT "relationships".* FROM "relationships" WHERE "relationships"."followed_id" = 2 AND ("relationships".follower_id = 1) LIMIT 1[0m
Rendered users/_unfollow.html.erb (2.5ms)
  [1m[35mSQL (0.1ms)[0m  SELECT COUNT(*) FROM "users" INNER JOIN "relationships" ON "users".id = "relationships".follower_id WHERE (("relationships".followed_id = 2))
Rendered relationships/create.js.erb (4.8ms)
Completed 200 OK in 190ms (Views: 62.3ms | ActiveRecord: 0.8ms)


Started GET "/signout" for 127.0.0.1 at 2011-11-24 17:47:23 -0600
  Processing by SessionsController#destroy as HTML
Redirected to http://localhost:3000/
Completed 302 Found in 1ms


Started GET "/" for 127.0.0.1 at 2011-11-24 17:47:23 -0600
  Processing by PagesController#home as HTML
  [1m[36mUser Load (0.2ms)[0m  [1mSELECT "users".* FROM "users" WHERE "users"."id" IS NULL LIMIT 1[0m
  [1m[35mCACHE (0.0ms)[0m  SELECT "users".* FROM "users" WHERE "users"."id" IS NULL LIMIT 1
Rendered layouts/_stylesheets.html.erb (1.1ms)
  [1m[36mCACHE (0.0ms)[0m  [1mSELECT "users".* FROM "users" WHERE "users"."id" IS NULL LIMIT 1[0m
  [1m[35mCACHE (0.0ms)[0m  SELECT "users".* FROM "users" WHERE "users"."id" IS NULL LIMIT 1
Rendered layouts/_header.html.erb (1.9ms)
Rendered layouts/_footer.html.erb (0.6ms)
Rendered pages/home.html.erb within layouts/application (8.4ms)
Completed 200 OK in 58ms (Views: 10.9ms | ActiveRecord: 0.2ms)


Started GET "/signin" for 127.0.0.1 at 2011-11-24 17:47:26 -0600
  Processing by SessionsController#new as HTML
Rendered layouts/_stylesheets.html.erb (1.2ms)
  [1m[36mUser Load (0.2ms)[0m  [1mSELECT "users".* FROM "users" WHERE "users"."id" IS NULL LIMIT 1[0m
  [1m[35mCACHE (0.0ms)[0m  SELECT "users".* FROM "users" WHERE "users"."id" IS NULL LIMIT 1
Rendered layouts/_header.html.erb (50.3ms)
Rendered layouts/_footer.html.erb (0.7ms)
Rendered sessions/new.html.erb within layouts/application (57.5ms)
Completed 200 OK in 60ms (Views: 59.7ms | ActiveRecord: 0.2ms)


Started POST "/sessions" for 127.0.0.1 at 2011-11-24 17:47:31 -0600
  Processing by SessionsController#create as HTML
  Parameters: {"utf8"=>"✓", "authenticity_token"=>"sAvUI4/N8D8b4jey1vYj3W81+THQUG5R2hFKN5+Rvvw=", "session"=>{"email"=>"rssnow3@gmail.com", "password"=>"[FILTERED]"}, "commit"=>"Sign in"}
  [1m[36mUser Load (0.1ms)[0m  [1mSELECT "users".* FROM "users" WHERE "users"."email" = 'rssnow3@gmail.com' LIMIT 1[0m
Redirected to http://localhost:3000/users/2
Completed 302 Found in 21ms


Started GET "/users/2" for 127.0.0.1 at 2011-11-24 17:47:32 -0600
  Processing by UsersController#show as HTML
  Parameters: {"id"=>"2"}
  [1m[35mUser Load (0.1ms)[0m  SELECT "users".* FROM "users" WHERE "users"."id" = 2 LIMIT 1
  [1m[36mMicropost Load (0.1ms)[0m  [1mSELECT "microposts".* FROM "microposts" WHERE ("microposts".user_id = 2) ORDER BY microposts.created_at DESC LIMIT 30 OFFSET 0[0m
  [1m[35mCACHE (0.0ms)[0m  SELECT "users".* FROM "users" WHERE "users"."id" = 2 LIMIT 1
Rendered users/_follow_form.html.erb (0.4ms)
  [1m[36mSQL (0.1ms)[0m  [1mSELECT COUNT(*) FROM "microposts" WHERE ("microposts".user_id = 2)[0m
  [1m[35mCACHE (0.0ms)[0m  SELECT "users".* FROM "users" WHERE "users"."id" = 2 LIMIT 1
  [1m[36mCACHE (0.0ms)[0m  [1mSELECT "users".* FROM "users" WHERE "users"."id" = 2 LIMIT 1[0m
Rendered microposts/_micropost.html.erb (5.4ms)
  [1m[35mCACHE (0.0ms)[0m  SELECT COUNT(*) FROM "microposts" WHERE ("microposts".user_id = 2)
  [1m[36mSQL (0.2ms)[0m  [1mSELECT COUNT(*) FROM "users" INNER JOIN "relationships" ON "users".id = "relationships".followed_id WHERE (("relationships".follower_id = 2))[0m
  [1m[35mSQL (1.1ms)[0m  SELECT COUNT(*) FROM "users" INNER JOIN "relationships" ON "users".id = "relationships".follower_id WHERE (("relationships".followed_id = 2))
Rendered shared/_stats.html.erb (38.3ms)
Rendered layouts/_stylesheets.html.erb (1.1ms)
Rendered layouts/_header.html.erb (1.8ms)
Rendered layouts/_footer.html.erb (0.7ms)
Rendered users/show.html.erb within layouts/application (57.8ms)
Completed 200 OK in 84ms (Views: 59.0ms | ActiveRecord: 1.7ms)


Started GET "/" for 127.0.0.1 at 2011-11-24 17:47:35 -0600
  Processing by PagesController#home as HTML
  [1m[36mUser Load (0.1ms)[0m  [1mSELECT "users".* FROM "users" WHERE "users"."id" = 2 LIMIT 1[0m
  [1m[35mMicropost Load (0.3ms)[0m  SELECT "microposts".* FROM "microposts" WHERE (user_id IN (SELECT followed_id FROM relationships
 WHERE follower_id = 2) OR user_id = 2) ORDER BY microposts.created_at DESC LIMIT 30 OFFSET 0
Rendered shared/_error_messages.html.erb (0.4ms)
Rendered shared/_micropost_form.html.erb (4.8ms)
  [1m[36mCACHE (0.0ms)[0m  [1mSELECT "users".* FROM "users" WHERE "users"."id" = 2 LIMIT 1[0m
  [1m[35mCACHE (0.0ms)[0m  SELECT "users".* FROM "users" WHERE "users"."id" = 2 LIMIT 1
Rendered shared/_feed_item.html.erb (4.7ms)
Rendered shared/_feed.html.erb (5.7ms)
  [1m[36mSQL (0.2ms)[0m  [1mSELECT COUNT(*) FROM "microposts" WHERE ("microposts".user_id = 2)[0m
Rendered shared/_user_info.html.erb (2.6ms)
  [1m[35mSQL (0.1ms)[0m  SELECT COUNT(*) FROM "users" INNER JOIN "relationships" ON "users".id = "relationships".followed_id WHERE (("relationships".follower_id = 2))
  [1m[36mSQL (0.1ms)[0m  [1mSELECT COUNT(*) FROM "users" INNER JOIN "relationships" ON "users".id = "relationships".follower_id WHERE (("relationships".followed_id = 2))[0m
Rendered shared/_stats.html.erb (7.0ms)
Rendered layouts/_stylesheets.html.erb (1.0ms)
Rendered layouts/_header.html.erb (1.7ms)
Rendered layouts/_footer.html.erb (0.6ms)
Rendered pages/home.html.erb within layouts/application (29.8ms)
Completed 200 OK in 89ms (Views: 32.0ms | ActiveRecord: 1.0ms)


Started POST "/microposts" for 127.0.0.1 at 2011-11-24 17:47:46 -0600
  Processing by MicropostsController#create as HTML
  Parameters: {"utf8"=>"✓", "authenticity_token"=>"sAvUI4/N8D8b4jey1vYj3W81+THQUG5R2hFKN5+Rvvw=", "micropost"=>{"content"=>"test post to see if we get followed\r\n"}, "commit"=>"Submit"}
  [1m[35mUser Load (0.1ms)[0m  SELECT "users".* FROM "users" WHERE "users"."id" = 2 LIMIT 1
  [1m[36mAREL (0.2ms)[0m  [1mINSERT INTO "microposts" ("content", "user_id", "created_at", "updated_at") VALUES ('test post to see if we get followed
', 2, '2011-11-24 23:47:46.970962', '2011-11-24 23:47:46.970962')[0m
Redirected to http://localhost:3000/
Completed 302 Found in 172ms


Started GET "/" for 127.0.0.1 at 2011-11-24 17:47:47 -0600
  Processing by PagesController#home as HTML
  [1m[35mUser Load (0.2ms)[0m  SELECT "users".* FROM "users" WHERE "users"."id" = 2 LIMIT 1
  [1m[36mMicropost Load (0.2ms)[0m  [1mSELECT "microposts".* FROM "microposts" WHERE (user_id IN (SELECT followed_id FROM relationships
 WHERE follower_id = 2) OR user_id = 2) ORDER BY microposts.created_at DESC LIMIT 30 OFFSET 0[0m
Rendered shared/_error_messages.html.erb (0.4ms)
Rendered shared/_micropost_form.html.erb (5.0ms)
  [1m[35mCACHE (0.0ms)[0m  SELECT "users".* FROM "users" WHERE "users"."id" = 2 LIMIT 1
  [1m[36mCACHE (0.0ms)[0m  [1mSELECT "users".* FROM "users" WHERE "users"."id" = 2 LIMIT 1[0m
  [1m[35mCACHE (0.0ms)[0m  SELECT "users".* FROM "users" WHERE "users"."id" = 2 LIMIT 1
Rendered shared/_feed_item.html.erb (5.8ms)
Rendered shared/_feed.html.erb (6.7ms)
  [1m[36mSQL (0.1ms)[0m  [1mSELECT COUNT(*) FROM "microposts" WHERE ("microposts".user_id = 2)[0m
Rendered shared/_user_info.html.erb (2.3ms)
  [1m[35mSQL (0.1ms)[0m  SELECT COUNT(*) FROM "users" INNER JOIN "relationships" ON "users".id = "relationships".followed_id WHERE (("relationships".follower_id = 2))
  [1m[36mSQL (0.1ms)[0m  [1mSELECT COUNT(*) FROM "users" INNER JOIN "relationships" ON "users".id = "relationships".follower_id WHERE (("relationships".followed_id = 2))[0m
Rendered shared/_stats.html.erb (6.8ms)
Rendered layouts/_stylesheets.html.erb (1.0ms)
Rendered layouts/_header.html.erb (1.7ms)
Rendered layouts/_footer.html.erb (0.6ms)
Rendered pages/home.html.erb within layouts/application (30.5ms)
Completed 200 OK in 89ms (Views: 32.6ms | ActiveRecord: 0.7ms)


Started GET "/signout" for 127.0.0.1 at 2011-11-24 17:47:55 -0600
  Processing by SessionsController#destroy as HTML
Redirected to http://localhost:3000/
Completed 302 Found in 1ms


Started GET "/" for 127.0.0.1 at 2011-11-24 17:47:55 -0600
  Processing by PagesController#home as HTML
  [1m[35mUser Load (0.1ms)[0m  SELECT "users".* FROM "users" WHERE "users"."id" IS NULL LIMIT 1
  [1m[36mCACHE (0.0ms)[0m  [1mSELECT "users".* FROM "users" WHERE "users"."id" IS NULL LIMIT 1[0m
Rendered layouts/_stylesheets.html.erb (1.2ms)
  [1m[35mCACHE (0.0ms)[0m  SELECT "users".* FROM "users" WHERE "users"."id" IS NULL LIMIT 1
  [1m[36mCACHE (0.0ms)[0m  [1mSELECT "users".* FROM "users" WHERE "users"."id" IS NULL LIMIT 1[0m
Rendered layouts/_header.html.erb (1.7ms)
Rendered layouts/_footer.html.erb (0.6ms)
Rendered pages/home.html.erb within layouts/application (8.3ms)
Completed 200 OK in 28ms (Views: 10.9ms | ActiveRecord: 0.1ms)


Started GET "/signin" for 127.0.0.1 at 2011-11-24 17:47:58 -0600
  Processing by SessionsController#new as HTML
Rendered layouts/_stylesheets.html.erb (1.2ms)
  [1m[35mUser Load (0.1ms)[0m  SELECT "users".* FROM "users" WHERE "users"."id" IS NULL LIMIT 1
  [1m[36mCACHE (0.0ms)[0m  [1mSELECT "users".* FROM "users" WHERE "users"."id" IS NULL LIMIT 1[0m
Rendered layouts/_header.html.erb (19.7ms)
Rendered layouts/_footer.html.erb (0.7ms)
Rendered sessions/new.html.erb within layouts/application (56.8ms)
Completed 200 OK in 60ms (Views: 59.2ms | ActiveRecord: 0.1ms)


Started POST "/sessions" for 127.0.0.1 at 2011-11-24 17:48:06 -0600
  Processing by SessionsController#create as HTML
  Parameters: {"utf8"=>"✓", "authenticity_token"=>"sAvUI4/N8D8b4jey1vYj3W81+THQUG5R2hFKN5+Rvvw=", "session"=>{"email"=>"rssnow1@gmail.com", "password"=>"[FILTERED]"}, "commit"=>"Sign in"}
  [1m[35mUser Load (0.1ms)[0m  SELECT "users".* FROM "users" WHERE "users"."email" = 'rssnow1@gmail.com' LIMIT 1
Redirected to http://localhost:3000/users/1
Completed 302 Found in 49ms


Started GET "/users/1" for 127.0.0.1 at 2011-11-24 17:48:06 -0600
  Processing by UsersController#show as HTML
  Parameters: {"id"=>"1"}
  [1m[36mUser Load (0.1ms)[0m  [1mSELECT "users".* FROM "users" WHERE "users"."id" = 1 LIMIT 1[0m
  [1m[35mMicropost Load (0.2ms)[0m  SELECT "microposts".* FROM "microposts" WHERE ("microposts".user_id = 1) ORDER BY microposts.created_at DESC LIMIT 30 OFFSET 0
  [1m[36mCACHE (0.0ms)[0m  [1mSELECT "users".* FROM "users" WHERE "users"."id" = 1 LIMIT 1[0m
Rendered users/_follow_form.html.erb (0.4ms)
  [1m[35mSQL (0.1ms)[0m  SELECT COUNT(*) FROM "microposts" WHERE ("microposts".user_id = 1)
  [1m[36mCACHE (0.0ms)[0m  [1mSELECT "users".* FROM "users" WHERE "users"."id" = 1 LIMIT 1[0m
Rendered microposts/_micropost.html.erb (4.6ms)
  [1m[35mCACHE (0.0ms)[0m  SELECT COUNT(*) FROM "microposts" WHERE ("microposts".user_id = 1)
  [1m[36mSQL (0.2ms)[0m  [1mSELECT COUNT(*) FROM "users" INNER JOIN "relationships" ON "users".id = "relationships".followed_id WHERE (("relationships".follower_id = 1))[0m
  [1m[35mSQL (0.1ms)[0m  SELECT COUNT(*) FROM "users" INNER JOIN "relationships" ON "users".id = "relationships".follower_id WHERE (("relationships".followed_id = 1))
Rendered shared/_stats.html.erb (7.7ms)
Rendered layouts/_stylesheets.html.erb (1.0ms)
Rendered layouts/_header.html.erb (1.8ms)
Rendered layouts/_footer.html.erb (0.6ms)
Rendered users/show.html.erb within layouts/application (26.1ms)
Completed 200 OK in 82ms (Views: 28.5ms | ActiveRecord: 0.8ms)


Started GET "/users/1/following" for 127.0.0.1 at 2011-11-24 17:48:10 -0600
  Processing by UsersController#following as HTML
  Parameters: {"id"=>"1"}
  [1m[36mUser Load (0.2ms)[0m  [1mSELECT "users".* FROM "users" WHERE "users"."id" = 1 LIMIT 1[0m
  [1m[35mCACHE (0.0ms)[0m  SELECT "users".* FROM "users" WHERE "users"."id" = 1 LIMIT 1
  [1m[36mUser Load (0.2ms)[0m  [1mSELECT "users".* FROM "users" INNER JOIN "relationships" ON "users".id = "relationships".followed_id WHERE (("relationships".follower_id = 1)) LIMIT 30 OFFSET 0[0m
Rendered users/_user.html.erb (1.1ms)
  [1m[35mSQL (0.1ms)[0m  SELECT COUNT(*) FROM "microposts" WHERE ("microposts".user_id = 1)
  [1m[36mSQL (0.1ms)[0m  [1mSELECT COUNT(*) FROM "users" INNER JOIN "relationships" ON "users".id = "relationships".followed_id WHERE (("relationships".follower_id = 1))[0m
  [1m[35mSQL (0.1ms)[0m  SELECT COUNT(*) FROM "users" INNER JOIN "relationships" ON "users".id = "relationships".follower_id WHERE (("relationships".followed_id = 1))
Rendered shared/_stats.html.erb (3.1ms)
Rendered layouts/_stylesheets.html.erb (1.0ms)
Rendered layouts/_header.html.erb (1.7ms)
Rendered layouts/_footer.html.erb (0.6ms)
Rendered users/show_follow.html.erb within layouts/application (19.6ms)
Completed 200 OK in 78ms (Views: 21.8ms | ActiveRecord: 0.7ms)


Started GET "/users/2" for 127.0.0.1 at 2011-11-24 17:48:14 -0600
  Processing by UsersController#show as HTML
  Parameters: {"id"=>"2"}
  [1m[36mUser Load (0.1ms)[0m  [1mSELECT "users".* FROM "users" WHERE "users"."id" = 2 LIMIT 1[0m
  [1m[35mMicropost Load (0.2ms)[0m  SELECT "microposts".* FROM "microposts" WHERE ("microposts".user_id = 2) ORDER BY microposts.created_at DESC LIMIT 30 OFFSET 0
  [1m[36mUser Load (0.1ms)[0m  [1mSELECT "users".* FROM "users" WHERE "users"."id" = 1 LIMIT 1[0m
  [1m[35mRelationship Load (0.1ms)[0m  SELECT "relationships".* FROM "relationships" WHERE "relationships"."followed_id" = 2 AND ("relationships".follower_id = 1) LIMIT 1
  [1m[36mCACHE (0.0ms)[0m  [1mSELECT "relationships".* FROM "relationships" WHERE "relationships"."followed_id" = 2 AND ("relationships".follower_id = 1) LIMIT 1[0m
Rendered users/_unfollow.html.erb (30.5ms)
Rendered users/_follow_form.html.erb (39.5ms)
  [1m[35mSQL (0.1ms)[0m  SELECT COUNT(*) FROM "microposts" WHERE ("microposts".user_id = 2)
  [1m[36mCACHE (0.0ms)[0m  [1mSELECT "users".* FROM "users" WHERE "users"."id" = 2 LIMIT 1[0m
  [1m[35mCACHE (0.0ms)[0m  SELECT "users".* FROM "users" WHERE "users"."id" = 2 LIMIT 1
  [1m[36mCACHE (0.0ms)[0m  [1mSELECT "users".* FROM "users" WHERE "users"."id" = 2 LIMIT 1[0m
Rendered microposts/_micropost.html.erb (5.0ms)
  [1m[35mCACHE (0.0ms)[0m  SELECT COUNT(*) FROM "microposts" WHERE ("microposts".user_id = 2)
  [1m[36mSQL (0.1ms)[0m  [1mSELECT COUNT(*) FROM "users" INNER JOIN "relationships" ON "users".id = "relationships".followed_id WHERE (("relationships".follower_id = 2))[0m
  [1m[35mSQL (0.1ms)[0m  SELECT COUNT(*) FROM "users" INNER JOIN "relationships" ON "users".id = "relationships".follower_id WHERE (("relationships".followed_id = 2))
Rendered shared/_stats.html.erb (2.8ms)
Rendered layouts/_stylesheets.html.erb (1.2ms)
Rendered layouts/_header.html.erb (1.8ms)
Rendered layouts/_footer.html.erb (0.6ms)
Rendered users/show.html.erb within layouts/application (61.5ms)
Completed 200 OK in 90ms (Views: 63.5ms | ActiveRecord: 1.0ms)
